Arguments: 
  F:\nodejs\node.exe C:\Users\amq\AppData\Roaming\npm\node_modules\yarn\bin\yarn.js

PATH: 
  C:\WINDOWS\system32;C:\WINDOWS;C:\WINDOWS\System32\Wbem;C:\WINDOWS\System32\WindowsPowerShell\v1.0\;F:\nodejs\;C:\WINDOWS\System32\OpenSSH\;F:\Git\cmd;C:\Program Files (x86)\dotnet\;F:\Microsoft VS Code\bin;C:\Users\amq\AppData\Roaming\npm;C:\Users\amq\AppData\Local\GitHubDesktop\bin;C:\Users\amq\AppData\Local\Microsoft\WindowsApps;C:\Program Files\MongoDB\Server\5.0\bin;F:\PyCharm Community Edition 2022.2\bin;;C:\Users\amq\AppData\Local\Programs\Python\Python310-32;C:\Users\amq\AppData\Local\Programs\Python\Python310-32\Scripts;

Yarn version: 
  1.22.19

Node version: 
  16.14.2

Platform: 
  win32 x64

Trace: 
  Error: read ECONNRESET
      at TLSWrap.onStreamRead (node:internal/stream_base_commons:217:20)

npm manifest: 
  {
    "name": "ecom",
    "private": true,
    "version": "0.0.0",
    "type": "module",
    "scripts": {
      "dev": "vite",
      "build": "vite build",
      "preview": "vite preview"
    },
    "devDependencies": {
      "vite": "^3.0.7"
    }
  }

yarn manifest: 
  No manifest

Lockfile: 
  No lockfile
